<?xml version="1.0" encoding="UTF-8"?>
<testng-results ignored="0" total="1" passed="0" failed="1" skipped="0">
  <reporter-output>
  </reporter-output>
  <suite started-at="2024-01-30T13:39:50 IST" name="Default suite" finished-at="2024-01-30T13:41:09 IST" duration-ms="79060">
    <groups>
      <group name="Regression">
        <method signature="DemoTest.roundTripFunctionality(java.lang.Object)[pri:0, instance:testCases.DemoTest@37afeb11]" name="roundTripFunctionality" class="testCases.DemoTest"/>
      </group> <!-- Regression -->
    </groups>
    <test started-at="2024-01-30T13:39:50 IST" name="Default test" finished-at="2024-01-30T13:41:09 IST" duration-ms="79060">
      <class name="testCases.DemoTest">
        <test-method is-config="true" signature="suiteSetup()[pri:0, instance:testCases.DemoTest@37afeb11]" started-at="2024-01-30T13:39:50 IST" name="suiteSetup" finished-at="2024-01-30T13:41:07 IST" duration-ms="77290" status="PASS">
          <reporter-output>
          </reporter-output>
        </test-method> <!-- suiteSetup -->
        <test-method signature="roundTripFunctionality(java.lang.Object)[pri:0, instance:testCases.DemoTest@37afeb11]" started-at="2024-01-30T13:41:07 IST" name="roundTripFunctionality" data-provider="getRegistrationData" finished-at="2024-01-30T13:41:09 IST" duration-ms="1632" status="FAIL">
          <params>
            <param index="0">
              <value>
                <![CDATA[{lastName=PERUMAL, CheckBoxTexts=I prefer not to receive future communication,I am flying as the primary passenger, Title=Mr, ColourCodeElement=payment_form_card_number_error,payment_form_card_name_error,Please enter expiry, StudentID=RA1811005010351, firstName=THIRU, MobileNumber=6379616155, SearchPlaces=Bengaluru,Kolkata, iframeId=card_number_iframe,name_on_card,card_exp_month_iframe,card_exp_year_iframe,security_code_iframe, ColourCodeText=Please enter card number,Please enter name,Please enter expiry, paymentDetails=1223 2223 3334 5556 666,ThiruPerumal,02,32,321, ColourCode=color: rgb(6, 158, 42);, elementTexts=card_number,name_on_card,card_exp_month,card_exp_year,security_code}]]>
              </value>
            </param>
          </params>
          <exception class="org.openqa.selenium.NoSuchElementException">
            <message>
              <![CDATA[Unable to find element with locator By.xpath: (//div[text()='round trip']//parent::div/../div[contains(@class,'css-1dbjc4n r-zso239') or (@class='css-1dbjc4n')])[1]
For documentation on this error, please visit: https://www.selenium.dev/documentation/webdriver/troubleshooting/errors#no-such-element-exception
Build info: version: '4.16.0', revision: '15400459dd*'
System info: os.name: 'Mac OS X', os.arch: 'aarch64', os.version: '14.3', java.version: '21'
Driver info: driver.version: RemoteWebDriver]]>
            </message>
            <full-stacktrace>
              <![CDATA[org.openqa.selenium.NoSuchElementException: Unable to find element with locator By.xpath: (//div[text()='round trip']//parent::div/../div[contains(@class,'css-1dbjc4n r-zso239') or (@class='css-1dbjc4n')])[1]
For documentation on this error, please visit: https://www.selenium.dev/documentation/webdriver/troubleshooting/errors#no-such-element-exception
Build info: version: '4.16.0', revision: '15400459dd*'
System info: os.name: 'Mac OS X', os.arch: 'aarch64', os.version: '14.3', java.version: '21'
Driver info: driver.version: RemoteWebDriver
at org.openqa.selenium.remote.ElementLocation$ElementFinder$2.findElement(ElementLocation.java:168)
at org.openqa.selenium.remote.ElementLocation.findElement(ElementLocation.java:59)
at org.openqa.selenium.remote.RemoteWebDriver.findElement(RemoteWebDriver.java:360)
at org.openqa.selenium.remote.RemoteWebDriver.findElement(RemoteWebDriver.java:354)
at spiceJet.Pages.RoundTripPage.ClickRadioButton(RoundTripPage.java:112)
at spiceJet.Modules.Modules.roundTripSearchFlight(Modules.java:135)
at testCases.DemoTest.roundTripFunctionality(DemoTest.java:24)
at java.base/jdk.internal.reflect.DirectMethodHandleAccessor.invoke(DirectMethodHandleAccessor.java:103)
at java.base/java.lang.reflect.Method.invoke(Method.java:580)
at org.testng.internal.invokers.MethodInvocationHelper.invokeMethod(MethodInvocationHelper.java:139)
at org.testng.internal.invokers.TestInvoker.invokeMethod(TestInvoker.java:664)
at org.testng.internal.invokers.TestInvoker.invokeTestMethod(TestInvoker.java:227)
at org.testng.internal.invokers.MethodRunner.runInSequence(MethodRunner.java:50)
at org.testng.internal.invokers.TestInvoker$MethodInvocationAgent.invoke(TestInvoker.java:957)
at org.testng.internal.invokers.TestInvoker.invokeTestMethods(TestInvoker.java:200)
at org.testng.internal.invokers.TestMethodWorker.invokeTestMethods(TestMethodWorker.java:148)
at org.testng.internal.invokers.TestMethodWorker.run(TestMethodWorker.java:128)
at java.base/java.util.ArrayList.forEach(ArrayList.java:1596)
at org.testng.TestRunner.privateRun(TestRunner.java:848)
at org.testng.TestRunner.run(TestRunner.java:621)
at org.testng.SuiteRunner.runTest(SuiteRunner.java:443)
at org.testng.SuiteRunner.runSequentially(SuiteRunner.java:437)
at org.testng.SuiteRunner.privateRun(SuiteRunner.java:397)
at org.testng.SuiteRunner.run(SuiteRunner.java:336)
at org.testng.SuiteRunnerWorker.runSuite(SuiteRunnerWorker.java:52)
at org.testng.SuiteRunnerWorker.run(SuiteRunnerWorker.java:95)
at org.testng.TestNG.runSuitesSequentially(TestNG.java:1280)
at org.testng.TestNG.runSuitesLocally(TestNG.java:1200)
at org.testng.TestNG.runSuites(TestNG.java:1114)
at org.testng.TestNG.run(TestNG.java:1082)
at org.testng.remote.AbstractRemoteTestNG.run(AbstractRemoteTestNG.java:115)
at org.testng.remote.RemoteTestNG.initAndRun(RemoteTestNG.java:251)
at org.testng.remote.RemoteTestNG.main(RemoteTestNG.java:77)
]]>
            </full-stacktrace>
          </exception> <!-- org.openqa.selenium.NoSuchElementException -->
          <reporter-output>
          </reporter-output>
        </test-method> <!-- roundTripFunctionality -->
        <test-method is-config="true" signature="close()[pri:0, instance:testCases.DemoTest@37afeb11]" started-at="2024-01-30T13:41:09 IST" name="close" finished-at="2024-01-30T13:41:09 IST" duration-ms="109" status="PASS">
          <reporter-output>
          </reporter-output>
        </test-method> <!-- close -->
      </class> <!-- testCases.DemoTest -->
    </test> <!-- Default test -->
  </suite> <!-- Default suite -->
</testng-results>
